<?xml version="1.0" encoding="UTF-8"?>
<robot generator="Robot 3.2.2 (Python 3.9.2 on win32)" generated="20210310 12:10:54.315" rpa="false">
<suite id="s1" name="TestSuite1" source="C:\Users\jamal\eclipse-workspace\RobotProject\test\TestSuite1.robot">
<kw name="Log" library="BuiltIn" type="setup">
<doc>Logs the given message with the given level.</doc>
<arguments>
<arg>Testsuite wird gestartet</arg>
</arguments>
<msg timestamp="20210310 12:10:54.565" level="INFO">Testsuite wird gestartet</msg>
<status status="PASS" starttime="20210310 12:10:54.565" endtime="20210310 12:10:54.565"></status>
</kw>
<test id="s1-t1" name="LoginTest">
<kw name="Open Browser" library="SeleniumLibrary">
<doc>Opens a new browser instance to the optional ``url``.</doc>
<arguments>
<arg>${LoginURL}</arg>
<arg>chrome</arg>
</arguments>
<msg timestamp="20210310 12:10:54.567" level="INFO">Opening browser 'chrome' to base url 'https://letskodeit.teachable.com'.</msg>
<status status="PASS" starttime="20210310 12:10:54.566" endtime="20210310 12:10:59.007"></status>
</kw>
<kw name="Set Browser Implicit Wait" library="SeleniumLibrary">
<doc>Sets the implicit wait value used by Selenium.</doc>
<arguments>
<arg>5</arg>
</arguments>
<status status="PASS" starttime="20210310 12:10:59.008" endtime="20210310 12:10:59.010"></status>
</kw>
<kw name="Login">
<kw name="Click Element" library="SeleniumLibrary">
<doc>Click the element identified by ``locator``.</doc>
<arguments>
<arg>Link= Login</arg>
</arguments>
<msg timestamp="20210310 12:10:59.012" level="INFO">Clicking element 'Link= Login'.</msg>
<status status="PASS" starttime="20210310 12:10:59.011" endtime="20210310 12:10:59.098"></status>
</kw>
<status status="PASS" starttime="20210310 12:10:59.011" endtime="20210310 12:10:59.098"></status>
</kw>
<kw name="LoginData">
<kw name="Input Text" library="SeleniumLibrary">
<doc>Types the given ``text`` into the text field identified by ``locator``.</doc>
<arguments>
<arg>xpath=//input[@id='user_email']</arg>
<arg>@{LoginData}[0]</arg>
</arguments>
<msg timestamp="20210310 12:10:59.100" level="WARN">Accessing variable items using '@{LoginData}[0]' syntax is deprecated. Use '${LoginData}[0]' instead.</msg>
<msg timestamp="20210310 12:10:59.102" level="INFO">Typing text 'jamal_oubaouih@yahoo.de' into text field 'xpath=//input[@id='user_email']'.</msg>
<status status="PASS" starttime="20210310 12:10:59.100" endtime="20210310 12:11:01.139"></status>
</kw>
<kw name="Input Password" library="SeleniumLibrary">
<doc>Types the given password into the text field identified by ``locator``.</doc>
<arguments>
<arg>xpath=//input[@id='user_password']</arg>
<arg>@{LoginData}[1]</arg>
</arguments>
<msg timestamp="20210310 12:11:01.140" level="WARN">Accessing variable items using '@{LoginData}[1]' syntax is deprecated. Use '${LoginData}[1]' instead.</msg>
<msg timestamp="20210310 12:11:01.143" level="INFO">Typing password into text field 'xpath=//input[@id='user_password']'.</msg>
<msg timestamp="20210310 12:11:01.189" level="INFO">Temporally setting log level to: NONE</msg>
<msg timestamp="20210310 12:11:01.236" level="INFO">Log level changed from NONE to INFO.</msg>
<status status="PASS" starttime="20210310 12:11:01.139" endtime="20210310 12:11:01.236"></status>
</kw>
<status status="PASS" starttime="20210310 12:10:59.099" endtime="20210310 12:11:01.236"></status>
</kw>
<kw name="Commit">
<kw name="Click Button" library="SeleniumLibrary">
<doc>Clicks the button identified by ``locator``.</doc>
<arguments>
<arg>name= commit</arg>
</arguments>
<msg timestamp="20210310 12:11:01.237" level="INFO">Clicking button 'name= commit'.</msg>
<status status="PASS" starttime="20210310 12:11:01.237" endtime="20210310 12:11:01.501"></status>
</kw>
<status status="PASS" starttime="20210310 12:11:01.237" endtime="20210310 12:11:01.501"></status>
</kw>
<kw name="Sleep" library="BuiltIn">
<doc>Pauses the test executed for the given time.</doc>
<arguments>
<arg>2</arg>
</arguments>
<msg timestamp="20210310 12:11:03.504" level="INFO">Slept 2 seconds</msg>
<status status="PASS" starttime="20210310 12:11:01.501" endtime="20210310 12:11:03.504"></status>
</kw>
<kw name="Close Browser" library="SeleniumLibrary">
<doc>Closes the current browser.</doc>
<status status="PASS" starttime="20210310 12:11:03.504" endtime="20210310 12:11:05.730"></status>
</kw>
<doc>This is login test to the Site https://letskodeit.teachable.com</doc>
<tags>
<tag>LoginTest</tag>
</tags>
<status status="PASS" starttime="20210310 12:10:54.566" endtime="20210310 12:11:05.732" critical="yes"></status>
</test>
<test id="s1-t2" name="lookingForCarTest">
<kw name="Open Browser" library="SeleniumLibrary">
<doc>Opens a new browser instance to the optional ``url``.</doc>
<arguments>
<arg>${Practice Page}</arg>
<arg>chrome</arg>
</arguments>
<msg timestamp="20210310 12:11:05.742" level="INFO">Opening browser 'chrome' to base url 'https://letskodeit.teachable.com/p/practice'.</msg>
<status status="PASS" starttime="20210310 12:11:05.741" endtime="20210310 12:11:11.007"></status>
</kw>
<kw name="Set Browser Implicit Wait" library="SeleniumLibrary">
<doc>Sets the implicit wait value used by Selenium.</doc>
<arguments>
<arg>5</arg>
</arguments>
<status status="PASS" starttime="20210310 12:11:11.008" endtime="20210310 12:11:11.009"></status>
</kw>
<kw name="Radio_btn_benz">
<kw name="Click Element" library="SeleniumLibrary">
<doc>Click the element identified by ``locator``.</doc>
<arguments>
<arg>xpath=//input[@id='benzradio']</arg>
</arguments>
<msg timestamp="20210310 12:11:11.010" level="INFO">Clicking element 'xpath=//input[@id='benzradio']'.</msg>
<status status="PASS" starttime="20210310 12:11:11.010" endtime="20210310 12:11:11.105"></status>
</kw>
<status status="PASS" starttime="20210310 12:11:11.009" endtime="20210310 12:11:11.105"></status>
</kw>
<kw name="Select_value_benz">
<kw name="Click Element" library="SeleniumLibrary">
<doc>Click the element identified by ``locator``.</doc>
<arguments>
<arg>xpath=//option[contains(text(),'Benz')]</arg>
</arguments>
<msg timestamp="20210310 12:11:11.112" level="INFO">Clicking element 'xpath=//option[contains(text(),'Benz')]'.</msg>
<status status="PASS" starttime="20210310 12:11:11.112" endtime="20210310 12:11:11.156"></status>
</kw>
<status status="PASS" starttime="20210310 12:11:11.111" endtime="20210310 12:11:11.156"></status>
</kw>
<kw name="Select_color_orange">
<kw name="Click Element" library="SeleniumLibrary">
<doc>Click the element identified by ``locator``.</doc>
<arguments>
<arg>xpath =//option[contains(text(),'Orange')]</arg>
</arguments>
<msg timestamp="20210310 12:11:11.157" level="INFO">Clicking element 'xpath =//option[contains(text(),'Orange')]'.</msg>
<status status="PASS" starttime="20210310 12:11:11.157" endtime="20210310 12:11:11.205"></status>
</kw>
<status status="PASS" starttime="20210310 12:11:11.157" endtime="20210310 12:11:11.205"></status>
</kw>
<kw name="Select_checkbox_benz">
<kw name="Click Element" library="SeleniumLibrary">
<doc>Click the element identified by ``locator``.</doc>
<arguments>
<arg>xpath =//input[@id='benzcheck']</arg>
</arguments>
<msg timestamp="20210310 12:11:11.207" level="INFO">Clicking element 'xpath =//input[@id='benzcheck']'.</msg>
<status status="PASS" starttime="20210310 12:11:11.207" endtime="20210310 12:11:11.276"></status>
</kw>
<status status="PASS" starttime="20210310 12:11:11.206" endtime="20210310 12:11:11.276"></status>
</kw>
<kw name="Close Browser" library="SeleniumLibrary">
<doc>Closes the current browser.</doc>
<status status="PASS" starttime="20210310 12:11:11.277" endtime="20210310 12:11:13.505"></status>
</kw>
<doc>A car model with orange color well be selected on the website</doc>
<tags>
<tag>lookingForCarTest</tag>
</tags>
<status status="PASS" starttime="20210310 12:11:05.739" endtime="20210310 12:11:13.506" critical="yes"></status>
</test>
<kw name="Log" library="BuiltIn" type="teardown">
<doc>Logs the given message with the given level.</doc>
<arguments>
<arg>Der Test ist beendet</arg>
</arguments>
<msg timestamp="20210310 12:11:13.514" level="INFO">Der Test ist beendet</msg>
<status status="PASS" starttime="20210310 12:11:13.513" endtime="20210310 12:11:13.515"></status>
</kw>
<status status="PASS" starttime="20210310 12:10:54.317" endtime="20210310 12:11:13.515"></status>
</suite>
<statistics>
<total>
<stat pass="2" fail="0">Critical Tests</stat>
<stat pass="2" fail="0">All Tests</stat>
</total>
<tag>
<stat pass="1" fail="0">LoginTest</stat>
<stat pass="1" fail="0">lookingForCarTest</stat>
</tag>
<suite>
<stat pass="2" fail="0" id="s1" name="TestSuite1">TestSuite1</stat>
</suite>
</statistics>
<errors>
<msg timestamp="20210310 12:10:59.100" level="WARN">Accessing variable items using '@{LoginData}[0]' syntax is deprecated. Use '${LoginData}[0]' instead.</msg>
<msg timestamp="20210310 12:11:01.140" level="WARN">Accessing variable items using '@{LoginData}[1]' syntax is deprecated. Use '${LoginData}[1]' instead.</msg>
</errors>
</robot>
